TN:
SF:script/uniswap/CreateV4Wrappers.s.sol
DA:27,0
FN:27,CreateV4WrappersScript.createChainlinkInfrequentOracle
FNDA:0,CreateV4WrappersScript.createChainlinkInfrequentOracle
DA:31,0
DA:34,0
DA:37,0
FN:37,CreateV4WrappersScript.run
FNDA:0,CreateV4WrappersScript.run
DA:39,0
DA:41,0
DA:49,0
DA:51,0
DA:52,0
DA:55,0
DA:58,0
DA:63,0
DA:64,0
DA:66,0
DA:68,0
FNF:2
FNH:0
LF:15
LH:0
BRF:0
BRH:0
end_of_record
TN:
SF:script/uniswap/UniswapV3Wrapper.s.sol
DA:13,0
FN:13,UniswapV3WrapperScript.setUp
FNDA:0,UniswapV3WrapperScript.setUp
DA:15,0
FN:15,UniswapV3WrapperScript.run
FNDA:0,UniswapV3WrapperScript.run
DA:16,0
DA:18,0
DA:20,0
DA:28,0
DA:34,0
FNF:2
FNH:0
LF:7
LH:0
BRF:0
BRH:0
end_of_record
TN:
SF:script/uniswap/UniswapV4Wrapper.s.sol
DA:17,0
FN:17,UniswapV4WrapperScript.setUp
FNDA:0,UniswapV4WrapperScript.setUp
DA:23,0
FN:23,UniswapV4WrapperScript.run
FNDA:0,UniswapV4WrapperScript.run
DA:24,0
DA:26,0
DA:34,0
BRDA:34,0,0,-
DA:35,0
DA:40,0
DA:49,0
DA:55,0
FNF:2
FNH:0
LF:9
LH:0
BRF:1
BRH:0
end_of_record
TN:
SF:script/uniswap/UniswapWrapperFactoryDeployment.s.sol
DA:9,0
FN:9,UniswapWrapperFactoryDeploymentScript.computeAddress
FNDA:0,UniswapWrapperFactoryDeploymentScript.computeAddress
DA:14,0
DA:19,0
FN:19,UniswapWrapperFactoryDeploymentScript.findVanitySalt
FNDA:0,UniswapWrapperFactoryDeploymentScript.findVanitySalt
DA:24,0
DA:26,0
DA:28,0
DA:29,0
DA:30,0
DA:32,0
BRDA:32,0,0,-
DA:41,0
DA:44,0
DA:47,0
FN:47,UniswapWrapperFactoryDeploymentScript.run
FNDA:0,UniswapWrapperFactoryDeploymentScript.run
DA:48,0
DA:49,0
DA:50,0
DA:51,0
DA:54,0
DA:58,0
DA:60,0
DA:63,0
DA:65,0
DA:67,0
DA:69,0
DA:71,0
FNF:3
FNH:0
LF:24
LH:0
BRF:1
BRH:0
end_of_record
TN:
SF:script/uniswap/periphery/UniswapMintPositionHelper.s.sol
DA:9,0
FN:9,UniswapMintPositionHelperScript.setUp
FNDA:0,UniswapMintPositionHelperScript.setUp
DA:11,0
FN:11,UniswapMintPositionHelperScript.run
FNDA:0,UniswapMintPositionHelperScript.run
DA:12,0
DA:14,0
DA:20,0
FNF:2
FNH:0
LF:5
LH:0
BRF:0
BRH:0
end_of_record
TN:
SF:src/ERC721WrapperBase.sol
DA:42,41
FN:42,ERC721WrapperBase.constructor
FNDA:41,ERC721WrapperBase.constructor
DA:43,41
DA:44,41
DA:45,41
DA:48,29345
FN:48,ERC721WrapperBase.enableTokenIdAsCollateral
FNDA:29345,ERC721WrapperBase.enableTokenIdAsCollateral
DA:49,29345
DA:50,29345
DA:51,29345
BRDA:51,0,0,1
DA:52,29324
BRDA:52,1,0,29324
DA:56,5772
FN:56,ERC721WrapperBase.disableTokenIdAsCollateral
FNDA:5772,ERC721WrapperBase.disableTokenIdAsCollateral
DA:57,5772
DA:58,5772
DA:59,5772
DA:60,5138
BRDA:60,2,0,5138
DA:63,189210
FN:63,ERC721WrapperBase.wrap
FNDA:189210,ERC721WrapperBase.wrap
DA:64,189210
DA:65,189210
DA:69,32
FN:69,ERC721WrapperBase.unwrap.0
FNDA:32,ERC721WrapperBase.unwrap.0
DA:70,32
DA:71,22
DA:72,11
DA:75,29273
FN:75,ERC721WrapperBase.unwrap.1
FNDA:29273,ERC721WrapperBase.unwrap.1
DA:79,29273
DA:80,29273
DA:81,29263
DA:88,2860
FN:88,ERC721WrapperBase.transfer.0
FNDA:2860,ERC721WrapperBase.transfer.0
DA:89,2860
DA:90,2860
DA:92,2860
DA:94,2860
DA:95,2892
DA:96,2892
DA:97,2892
BRDA:97,3,0,-
DA:99,2892
DA:101,2860
DA:106,1352587
FN:106,ERC721WrapperBase.balanceOf
FNDA:1352587,ERC721WrapperBase.balanceOf
DA:107,1352587
DA:109,1352587
DA:110,47503
DA:111,47503
DA:112,47503
BRDA:112,4,0,2665
DA:114,44838
DA:119,330536
FN:119,ERC721WrapperBase.getQuote
FNDA:330536,ERC721WrapperBase.getQuote
DA:120,330536
BRDA:120,5,0,4
BRDA:120,5,1,-
DA:122,4
DA:125,330532
DA:129,2
FN:129,ERC721WrapperBase.getSqrtRatioX96
FNDA:2,ERC721WrapperBase.getSqrtRatioX96
DA:135,2
DA:136,2
DA:138,2
DA:141,4
FN:141,ERC721WrapperBase.getEnabledTokenIds
FNDA:4,ERC721WrapperBase.getEnabledTokenIds
DA:142,4
DA:145,1443141
FN:145,ERC721WrapperBase.totalTokenIdsEnabledBy
FNDA:1443141,ERC721WrapperBase.totalTokenIdsEnabledBy
DA:146,1443141
DA:149,77164
FN:149,ERC721WrapperBase.tokenIdOfOwnerByIndex
FNDA:77164,ERC721WrapperBase.tokenIdOfOwnerByIndex
DA:150,77164
DA:156,189212
FN:156,ERC721WrapperBase._wrap
FNDA:189212,ERC721WrapperBase._wrap
DA:157,189170
DA:158,189212
DA:171,29305
FN:171,ERC721WrapperBase._burnFrom
FNDA:29305,ERC721WrapperBase._burnFrom
DA:172,29305
DA:173,29305
BRDA:173,6,0,10
DA:174,10
DA:176,29305
DA:181,251021
FN:181,ERC721WrapperBase._update
FNDA:251021,ERC721WrapperBase._update
DA:182,251021
DA:183,251021
BRDA:183,7,0,61835
DA:186,290792
FN:186,ERC721WrapperBase.proportionalShare
FNDA:290792,ERC721WrapperBase.proportionalShare
DA:191,290792
DA:195,2912
FN:195,ERC721WrapperBase.normalizedToFull
FNDA:2912,ERC721WrapperBase.normalizedToFull
DA:200,2912
DA:203,64
FN:203,ERC721WrapperBase._getDecimals
FNDA:64,ERC721WrapperBase._getDecimals
DA:204,64
DA:205,64
DA:211,537163
FN:211,ERC721WrapperBase._msgSender
FNDA:537163,ERC721WrapperBase._msgSender
DA:212,537163
DA:215,29646
FN:215,ERC721WrapperBase.transfer.1
FNDA:29646,ERC721WrapperBase.transfer.1
DA:222,29646
DA:225,2
FN:225,ERC721WrapperBase.transferFrom
FNDA:2,ERC721WrapperBase.transferFrom
DA:232,2
DA:235,5
FN:235,ERC721WrapperBase.skim
FNDA:5,ERC721WrapperBase.skim
DA:236,5
DA:238,5
BRDA:238,8,0,1
DA:239,1
DA:242,4
BRDA:242,9,0,2
DA:243,2
DA:245,2
DA:248,2
FN:248,ERC721WrapperBase.enableCurrentSkimCandidateAsCollateral
FNDA:2,ERC721WrapperBase.enableCurrentSkimCandidateAsCollateral
DA:249,2
DA:250,2
FNF:24
FNH:24
LF:90
LH:90
BRF:11
BRH:9
end_of_record
TN:
SF:src/libraries/UniswapPositionValueHelper.sol
DA:10,191742
FN:10,UniswapPositionValueHelper.principal
FNDA:191742,UniswapPositionValueHelper.principal
DA:15,191742
DA:20,165298
FN:20,UniswapPositionValueHelper.feesOwed.0
FNDA:165298,UniswapPositionValueHelper.feesOwed.0
DA:27,165298
DA:28,165298
DA:31,330596
FN:31,UniswapPositionValueHelper.feesOwed.1
FNDA:330596,UniswapPositionValueHelper.feesOwed.1
DA:36,330596
FNF:3
FNH:3
LF:7
LH:7
BRF:0
BRH:0
end_of_record
TN:
SF:src/uniswap/UniswapV3Wrapper.sol
DA:31,14
FN:31,UniswapV3Wrapper.constructor
FNDA:14,UniswapV3Wrapper.constructor
DA:38,14
DA:39,14
DA:40,14
DA:41,14
DA:43,14
DA:44,14
DA:46,14
DA:47,14
DA:49,14
DA:54,94561
FN:54,UniswapV3Wrapper.validatePosition
FNDA:94561,UniswapV3Wrapper.validatePosition
DA:55,94561
DA:56,94561
DA:57,94561
DA:58,94561
BRDA:58,0,0,9
DA:67,14603
FN:67,UniswapV3Wrapper._unwrap
FNDA:14603,UniswapV3Wrapper._unwrap
DA:74,14603
DA:75,14603
DA:77,14603
DA:79,14603
DA:84,11845
DA:85,11845
DA:90,11845
DA:103,0
FN:103,UniswapV3Wrapper._settleFullUnwrap
FNDA:0,UniswapV3Wrapper._settleFullUnwrap
DA:105,14603
FN:105,UniswapV3Wrapper._decreaseLiquidity
FNDA:14603,UniswapV3Wrapper._decreaseLiquidity
DA:109,14603
DA:110,14603
DA:112,14603
DA:128,3
FN:128,UniswapV3Wrapper.getTokenIdToSkim
FNDA:3,UniswapV3Wrapper.getTokenIdToSkim
DA:129,3
DA:130,3
DA:133,69320
FN:133,UniswapV3Wrapper.calculateValueOfTokenId
FNDA:69320,UniswapV3Wrapper.calculateValueOfTokenId
DA:134,69320
DA:136,69320
DA:138,69320
DA:139,69320
DA:141,69320
DA:144,69330
FN:144,UniswapV3Wrapper._totalPositionValue
FNDA:69330,UniswapV3Wrapper._totalPositionValue
DA:149,69330
DA:158,69330
DA:160,69330
DA:162,69330
DA:163,69330
DA:166,69330
DA:170,69330
DA:171,69330
DA:174,83933
FN:174,UniswapV3Wrapper._getFeeGrowthInside
FNDA:83933,UniswapV3Wrapper._getFeeGrowthInside
DA:179,83933
DA:180,83933
DA:181,83933
DA:184,83933
BRDA:184,1,0,35959
BRDA:184,1,1,-
DA:185,35959
DA:186,35959
DA:187,47974
BRDA:187,2,0,25594
BRDA:187,2,1,-
DA:188,25594
DA:189,25594
DA:190,25594
DA:191,25594
DA:193,22380
DA:194,22380
FNF:9
FNH:8
LF:60
LH:59
BRF:5
BRH:3
end_of_record
TN:
SF:src/uniswap/UniswapV4Wrapper.sol
DA:64,18
FN:64,UniswapV4Wrapper.constructor
FNDA:18,UniswapV4Wrapper.constructor
DA:72,18
DA:73,18
DA:75,18
DA:76,18
DA:77,18
DA:79,18
BRDA:79,0,0,12
DA:80,12
BRDA:80,1,0,-
DA:81,12
DA:84,18
DA:85,18
DA:90,94609
FN:90,UniswapV4Wrapper.validatePosition
FNDA:94609,UniswapV4Wrapper.validatePosition
DA:91,94609
DA:92,94609
DA:94,94609
BRDA:94,2,0,17
DA:95,17
DA:105,14660
FN:105,UniswapV4Wrapper._unwrap
FNDA:14660,UniswapV4Wrapper._unwrap
DA:112,14660
DA:113,14660
DA:115,14660
DA:119,14660
DA:120,14660
DA:121,14660
DA:122,14660
DA:124,14660
DA:125,14660
DA:127,14660
DA:128,14660
DA:131,14660
DA:132,14660
DA:134,14660
DA:135,14660
DA:137,14660
DA:139,14660
DA:140,14660
DA:143,11
FN:143,UniswapV4Wrapper._settleFullUnwrap
FNDA:11,UniswapV4Wrapper._settleFullUnwrap
DA:144,11
DA:145,11
DA:147,11
BRDA:147,3,0,10
DA:148,10
DA:150,11
BRDA:150,4,0,10
DA:151,10
DA:161,66696
FN:161,UniswapV4Wrapper.calculateValueOfTokenId
FNDA:66696,UniswapV4Wrapper.calculateValueOfTokenId
DA:162,66696
DA:164,66696
DA:166,66696
DA:167,66696
DA:169,66696
DA:178,4
FN:178,UniswapV4Wrapper.getTokenIdToSkim
FNDA:4,UniswapV4Wrapper.getTokenIdToSkim
DA:179,4
DA:186,96025
FN:186,UniswapV4Wrapper._getPositionState
FNDA:96025,UniswapV4Wrapper._getPositionState
DA:191,96025
DA:192,96025
DA:196,96025
DA:197,29329
BRDA:197,5,0,29329
BRDA:197,5,1,66696
DA:198,29329
DA:200,66696
DA:203,96025
DA:218,81365
FN:218,UniswapV4Wrapper._pendingFees
FNDA:81365,UniswapV4Wrapper._pendingFees
DA:223,81365
DA:226,81365
DA:236,81345
FN:236,UniswapV4Wrapper._principal.0
FNDA:81345,UniswapV4Wrapper._principal.0
DA:237,81345
DA:241,96005
FN:241,UniswapV4Wrapper._principal.1
FNDA:96005,UniswapV4Wrapper._principal.1
DA:246,96005
DA:254,14660
FN:254,UniswapV4Wrapper._decreaseLiquidity
FNDA:14660,UniswapV4Wrapper._decreaseLiquidity
DA:258,14660
DA:259,14660
DA:261,14660
DA:262,14660
DA:263,14660
DA:265,14660
DA:267,14660
DA:268,14660
DA:269,14660
DA:271,14660
DA:273,14660
DA:274,14660
DA:277,81345
FN:277,UniswapV4Wrapper._total
FNDA:81345,UniswapV4Wrapper._total
DA:282,81345
DA:283,81345
DA:285,81345
DA:286,81345
DA:289,14660
FN:289,UniswapV4Wrapper._decodeExtraData
FNDA:14660,UniswapV4Wrapper._decodeExtraData
DA:294,14660
BRDA:294,6,0,10
BRDA:294,6,1,14650
DA:295,10
DA:297,14650
DA:301,296098
FN:301,UniswapV4Wrapper._getCurrencyAddress
FNDA:296098,UniswapV4Wrapper._getCurrencyAddress
DA:302,296098
FNF:14
FNH:14
LF:89
LH:89
BRF:9
BRH:8
end_of_record
TN:
SF:src/uniswap/factory/BaseUniswapWrapperFactory.sol
DA:11,2
FN:11,BaseUniswapWrapperFactory.constructor
FNDA:2,BaseUniswapWrapperFactory.constructor
DA:12,2
DA:15,8
FN:15,BaseUniswapWrapperFactory._getDecimals
FNDA:8,BaseUniswapWrapperFactory._getDecimals
DA:16,8
DA:17,8
DA:20,8
FN:20,BaseUniswapWrapperFactory._getFixedRateOracleSalt
FNDA:8,BaseUniswapWrapperFactory._getFixedRateOracleSalt
DA:21,8
DA:24,12
FN:24,BaseUniswapWrapperFactory._computeCreate2Address
FNDA:12,BaseUniswapWrapperFactory._computeCreate2Address
DA:25,12
DA:26,12
DA:29,6
FN:29,BaseUniswapWrapperFactory.getFixedRateOracleBytecode
FNDA:6,BaseUniswapWrapperFactory.getFixedRateOracleBytecode
DA:34,6
DA:35,6
DA:36,6
DA:39,6
FN:39,BaseUniswapWrapperFactory.getFixedRateOracleAddress.0
FNDA:6,BaseUniswapWrapperFactory.getFixedRateOracleAddress.0
DA:40,6
DA:41,6
DA:42,6
DA:45,4
FN:45,BaseUniswapWrapperFactory.getFixedRateOracleAddress.1
FNDA:4,BaseUniswapWrapperFactory.getFixedRateOracleAddress.1
DA:46,4
DA:47,4
DA:50,4
FN:50,BaseUniswapWrapperFactory.isFixedRateOracleValid
FNDA:4,BaseUniswapWrapperFactory.isFixedRateOracleValid
DA:51,4
DA:52,4
DA:55,2
FN:55,BaseUniswapWrapperFactory._createFixedRateOracle
FNDA:2,BaseUniswapWrapperFactory._createFixedRateOracle
DA:56,2
DA:57,2
DA:58,2
FNF:9
FNH:9
LF:28
LH:28
BRF:0
BRH:0
end_of_record
TN:
SF:src/uniswap/factory/UniswapV3WrapperFactory.sol
DA:20,1
FN:20,UniswapV3WrapperFactory.constructor
FNDA:1,UniswapV3WrapperFactory.constructor
DA:21,1
DA:24,2
FN:24,UniswapV3WrapperFactory.createUniswapV3Wrapper
FNDA:2,UniswapV3WrapperFactory.createUniswapV3Wrapper
DA:28,2
DA:30,2
DA:33,1
DA:35,1
DA:38,5
FN:38,UniswapV3WrapperFactory._getWrapperSalt
FNDA:5,UniswapV3WrapperFactory._getWrapperSalt
DA:43,5
DA:46,3
FN:46,UniswapV3WrapperFactory.getUniswapV3WrapperBytecode
FNDA:3,UniswapV3WrapperFactory.getUniswapV3WrapperBytecode
DA:51,3
DA:57,3
FN:57,UniswapV3WrapperFactory.getUniswapV3WrapperAddress
FNDA:3,UniswapV3WrapperFactory.getUniswapV3WrapperAddress
DA:62,3
DA:69,2
FN:69,UniswapV3WrapperFactory.isUniswapV3WrapperValid
FNDA:2,UniswapV3WrapperFactory.isUniswapV3WrapperValid
DA:70,2
DA:76,2
FNF:6
FNH:6
LF:16
LH:16
BRF:0
BRH:0
end_of_record
TN:
SF:src/uniswap/factory/UniswapV4WrapperFactory.sol
DA:26,1
FN:26,UniswapV4WrapperFactory.constructor
FNDA:1,UniswapV4WrapperFactory.constructor
DA:27,1
DA:28,1
DA:31,2
FN:31,UniswapV4WrapperFactory.createUniswapV4Wrapper
FNDA:2,UniswapV4WrapperFactory.createUniswapV4Wrapper
DA:35,2
DA:36,2
DA:38,2
DA:41,1
DA:43,1
DA:46,5
FN:46,UniswapV4WrapperFactory._getWrapperSalt
FNDA:5,UniswapV4WrapperFactory._getWrapperSalt
DA:47,5
DA:50,3
FN:50,UniswapV4WrapperFactory.getUniswapV4WrapperBytecode
FNDA:3,UniswapV4WrapperFactory.getUniswapV4WrapperBytecode
DA:55,3
DA:60,3
FN:60,UniswapV4WrapperFactory.getUniswapV4WrapperAddress
FNDA:3,UniswapV4WrapperFactory.getUniswapV4WrapperAddress
DA:65,3
DA:67,3
DA:73,2
FN:73,UniswapV4WrapperFactory.isUniswapV4WrapperValid
FNDA:2,UniswapV4WrapperFactory.isUniswapV4WrapperValid
DA:74,2
DA:75,2
DA:76,2
DA:79,2
DA:82,2
FNF:6
FNH:6
LF:22
LH:22
BRF:0
BRH:0
end_of_record
TN:
SF:src/uniswap/periphery/UniswapMintPositionHelper.sol
DA:24,24
FN:24,UniswapMintPositionHelper.constructor
FNDA:24,UniswapMintPositionHelper.constructor
DA:25,24
DA:26,24
DA:27,24
DA:30,0
FN:30,UniswapMintPositionHelper.depositIntoVaultUsingETH
FNDA:0,UniswapMintPositionHelper.depositIntoVaultUsingETH
DA:35,0
DA:36,0
DA:37,0
DA:40,94559
FN:40,UniswapMintPositionHelper.mintPosition.0
FNDA:94559,UniswapMintPositionHelper.mintPosition.0
DA:45,94559
BRDA:45,0,0,67945
DA:46,67945
DA:48,94559
BRDA:48,1,0,41339
DA:49,41339
DA:52,94559
DA:53,94559
DA:55,94559
DA:56,94559
DA:58,94559
DA:60,94559
DA:61,94559
DA:63,94559
BRDA:63,2,0,35856
DA:64,35856
DA:66,94559
BRDA:66,3,0,5365
DA:67,5365
DA:69,94559
DA:72,94599
FN:72,UniswapMintPositionHelper.mintPosition.1
FNDA:94599,UniswapMintPositionHelper.mintPosition.1
DA:82,94599
DA:84,94599
BRDA:84,4,0,94599
DA:85,94599
BRDA:85,5,0,94536
BRDA:85,5,1,-
DA:86,94536
DA:87,63
BRDA:87,6,0,-
DA:89,0
DA:92,94599
BRDA:92,7,0,94599
DA:93,94599
DA:96,94599
DA:97,94599
BRDA:97,8,0,-
DA:98,0
DA:101,94599
DA:102,94599
DA:104,94599
BRDA:104,9,0,94536
DA:105,94536
DA:107,94599
DA:109,94599
DA:110,94599
DA:111,94599
DA:112,94599
DA:113,94599
DA:114,94599
DA:116,94599
DA:117,94599
DA:118,94599
DA:119,94599
DA:121,94599
DA:122,94599
DA:124,94599
FNF:4
FNH:3
LF:55
LH:49
BRF:11
BRH:8
end_of_record
TN:
SF:test/ERC721WrapperBase.t.sol
DA:15,0
FN:15,ERC721WrapperBaseMock.getTokenIdToSkim
FNDA:0,ERC721WrapperBaseMock.getTokenIdToSkim
DA:17,0
FN:17,ERC721WrapperBaseMock.validatePosition
FNDA:0,ERC721WrapperBaseMock.validatePosition
DA:18,0
FN:18,ERC721WrapperBaseMock._unwrap
FNDA:0,ERC721WrapperBaseMock._unwrap
DA:23,0
FN:23,ERC721WrapperBaseMock._settleFullUnwrap
FNDA:0,ERC721WrapperBaseMock._settleFullUnwrap
DA:25,7
FN:25,ERC721WrapperBaseMock.calculateValueOfTokenId
FNDA:7,ERC721WrapperBaseMock.calculateValueOfTokenId
DA:26,7
DA:35,42
FN:35,ERC721Mint.mint
FNDA:42,ERC721Mint.mint
DA:36,42
FNF:6
FNH:2
LF:8
LH:4
BRF:0
BRH:0
end_of_record
TN:
SF:test/helpers/MockUniswapV3Wrapper.sol
DA:17,10
FN:17,MockUniswapV3Wrapper.syncFeesOwned
FNDA:10,MockUniswapV3Wrapper.syncFeesOwned
DA:18,10
DA:19,10
DA:21,10
DA:28,10
DA:29,10
DA:31,10
DA:32,10
DA:35,10
FN:35,MockUniswapV3Wrapper.getFeeGrowthInside
FNDA:10,MockUniswapV3Wrapper.getFeeGrowthInside
DA:40,10
DA:43,10
FN:43,MockUniswapV3Wrapper.totalPositionValue
FNDA:10,MockUniswapV3Wrapper.totalPositionValue
DA:48,10
DA:51,0
FN:51,MockUniswapV3Wrapper.total
FNDA:0,MockUniswapV3Wrapper.total
DA:52,0
DA:53,0
DA:56,0
FN:56,MockUniswapV3Wrapper.pendingFees
FNDA:0,MockUniswapV3Wrapper.pendingFees
DA:57,0
DA:58,0
DA:67,0
DA:69,0
DA:72,0
DA:76,0
DA:77,0
DA:93,14593
FN:93,MockUniswapV3Wrapper.calculateExactedValueOfTokenIdAfterUnwrap
FNDA:14593,MockUniswapV3Wrapper.calculateExactedValueOfTokenIdAfterUnwrap
DA:98,14593
DA:100,14593
DA:101,14593
DA:112,14593
DA:113,14593
DA:115,14593
DA:117,14593
DA:119,14593
DA:123,14593
DA:127,14593
DA:135,14593
DA:140,14593
BRDA:140,0,0,129
DA:141,129
DA:143,14464
DA:149,69320
FN:149,MockUniswapV3Wrapper.getSqrtRatioX96
FNDA:69320,MockUniswapV3Wrapper.getSqrtRatioX96
DA:150,69320
DA:153,1
FN:153,MockUniswapV3Wrapper.getSqrtRatioX96FromOracle
FNDA:1,MockUniswapV3Wrapper.getSqrtRatioX96FromOracle
DA:158,1
FNF:8
FNH:6
LF:42
LH:31
BRF:1
BRH:1
end_of_record
TN:
SF:test/helpers/MockUniswapV4Wrapper.sol
DA:29,10
FN:29,MockUniswapV4Wrapper._decreaseLiquidity
FNDA:10,MockUniswapV4Wrapper._decreaseLiquidity
DA:30,10
DA:31,10
DA:32,10
DA:34,10
DA:35,10
DA:36,10
DA:38,10
DA:41,10
FN:41,MockUniswapV4Wrapper._decreaseLiquidityAndRecordChange
FNDA:10,MockUniswapV4Wrapper._decreaseLiquidityAndRecordChange
DA:45,10
DA:46,10
DA:48,10
DA:50,10
DA:54,10
FN:54,MockUniswapV4Wrapper.syncFeesOwned
FNDA:10,MockUniswapV4Wrapper.syncFeesOwned
DA:56,10
DA:58,10
DA:59,10
DA:62,20
FN:62,MockUniswapV4Wrapper.pendingFees
FNDA:20,MockUniswapV4Wrapper.pendingFees
DA:63,20
DA:64,20
DA:67,10
FN:67,MockUniswapV4Wrapper.total
FNDA:10,MockUniswapV4Wrapper.total
DA:68,10
DA:69,10
DA:72,14639
FN:72,MockUniswapV4Wrapper.calculateExactedValueOfTokenIdAfterUnwrap
FNDA:14639,MockUniswapV4Wrapper.calculateExactedValueOfTokenIdAfterUnwrap
DA:77,14639
DA:78,14639
DA:79,14639
DA:81,14639
DA:83,14639
DA:85,14639
DA:86,14639
DA:89,14639
BRDA:89,0,0,143
DA:90,143
DA:92,14496
DA:100,66696
FN:100,MockUniswapV4Wrapper.getSqrtRatioX96
FNDA:66696,MockUniswapV4Wrapper.getSqrtRatioX96
DA:101,66696
DA:104,1
FN:104,MockUniswapV4Wrapper.getSqrtRatioX96FromOracle
FNDA:1,MockUniswapV4Wrapper.getSqrtRatioX96FromOracle
DA:109,1
FNF:8
FNH:8
LF:38
LH:38
BRF:1
BRH:1
end_of_record
TN:
SF:test/invariant/BaseSetup.sol
DA:66,0
FN:66,MockReturnsWETH9.constructor
FNDA:0,MockReturnsWETH9.constructor
DA:67,0
DA:70,0
FN:70,MockReturnsWETH9.WETH9
FNDA:0,MockReturnsWETH9.WETH9
DA:71,0
DA:128,3
FN:128,BaseSetup.setUp
FNDA:3,BaseSetup.setUp
DA:129,3
DA:130,3
DA:131,3
DA:135,3
DA:136,3
DA:138,0
DA:140,3
DA:143,3
DA:145,3
DA:147,0
DA:149,3
DA:151,3
DA:152,3
DA:154,3
DA:156,3
DA:164,3
DA:175,3
DA:177,3
DA:178,3
DA:180,3
DA:181,3
DA:183,3
DA:188,3
DA:194,3
DA:195,3
DA:196,3
DA:197,3
DA:199,3
DA:200,3
DA:201,3
DA:202,3
DA:204,3
DA:208,3
DA:216,3
DA:217,3
DA:219,3
DA:223,3
DA:224,3
DA:225,3
DA:229,3
DA:230,3
DA:232,3
DA:233,3
DA:236,3
DA:237,3
DA:240,3
DA:241,3
DA:243,3
DA:248,189072
FN:248,BaseSetup.getCurrencyAddress
FNDA:189072,BaseSetup.getCurrencyAddress
DA:249,189072
DA:252,94536
FN:252,BaseSetup.mintPosition
FNDA:94536,BaseSetup.mintPosition
DA:261,94536
DA:262,94536
DA:264,94536
DA:265,94536
DA:266,94536
DA:268,94536
DA:270,94536
BRDA:270,0,0,-
DA:271,0
DA:273,0
DA:282,94536
DA:283,94536
DA:285,94536
DA:297,94536
DA:298,94536
DA:300,94536
DA:301,94536
DA:303,94536
DA:304,94536
DA:307,94509
FN:307,BaseSetup.mintPositionV3
FNDA:94509,BaseSetup.mintPositionV3
DA:315,94509
DA:316,94509
DA:318,94509
DA:319,94509
DA:320,94509
DA:322,94509
DA:324,94509
DA:332,94509
DA:334,94509
DA:351,378090
FN:351,BaseSetup.getLiquidityGross
FNDA:378090,BaseSetup.getLiquidityGross
DA:352,189018
BRDA:352,1,0,189018
BRDA:352,1,1,-
DA:353,189018
DA:355,189072
DA:359,189045
FN:359,BaseSetup.createFuzzyLiquidityParams
FNDA:189045,BaseSetup.createFuzzyLiquidityParams
DA:365,189045
DA:366,189045
DA:367,189045
DA:369,189045
DA:373,189045
DA:374,189045
DA:377,189045
DA:378,189045
DA:380,189045
DA:382,189045
BRDA:382,2,0,15369
DA:383,15369
DA:385,189045
DA:387,189045
BRDA:387,3,0,16443
DA:388,16443
DA:391,189045
DA:392,189045
DA:394,0
DA:397,189045
FN:397,BaseSetup.boundLiquidityParamsAndMint
FNDA:189045,BaseSetup.boundLiquidityParamsAndMint
DA:401,189045
DA:403,189045
DA:404,94509
BRDA:404,4,0,94509
BRDA:404,4,1,-
DA:405,94509
DA:407,94536
DA:410,94509
DA:412,189045
DA:419,189045
DA:421,94509
BRDA:421,5,0,94509
BRDA:421,5,1,94536
DA:422,94509
DA:431,94536
FNF:9
FNH:7
LF:118
LH:109
BRF:9
BRH:6
end_of_record
TN:
SF:test/invariant/Handler.sol
DA:69,188631
FN:69,Handler.useActor
FNDA:188631,Handler.useActor
DA:70,188631
DA:71,188631
DA:73,188631
DA:76,188631
FN:76,Handler.useUniswapWrapper
FNDA:188631,Handler.useUniswapWrapper
DA:77,188631
DA:82,3
FN:82,Handler.setUp
FNDA:3,Handler.setUp
DA:83,0
DA:85,3
DA:86,30
DA:87,30
DA:88,30
DA:92,0
FN:92,Handler.actorsLength
FNDA:0,Handler.actorsLength
DA:93,0
DA:96,751601
FN:96,Handler.getTokenIdsHeldByActor
FNDA:751601,Handler.getTokenIdsHeldByActor
DA:97,751601
DA:100,0
FN:100,Handler.isTokenIdWrapped
FNDA:0,Handler.isTokenIdWrapped
DA:101,0
DA:104,0
FN:104,Handler.getUsersHoldingWrappedTokenId
FNDA:0,Handler.getUsersHoldingWrappedTokenId
DA:105,0
DA:108,0
FN:108,Handler.getAllTokenIdsLength
FNDA:0,Handler.getAllTokenIdsLength
DA:109,0
DA:112,0
FN:112,Handler.getAllTokenIds
FNDA:0,Handler.getAllTokenIds
DA:113,0
DA:116,189045
FN:116,Handler.mintPositionAndWrap
FNDA:189045,Handler.mintPositionAndWrap
DA:121,189045
DA:123,189045
DA:124,189045
DA:127,189045
DA:129,189045
DA:130,189045
DA:133,189045
DA:134,189045
DA:135,189045
DA:136,189045
DA:138,189045
DA:143,189045
DA:150,61541
FN:150,Handler.shouldNextActionFail
FNDA:61541,Handler.shouldNextActionFail
DA:155,61541
DA:156,61541
BRDA:156,0,0,26439
DA:158,35102
DA:159,35102
BRDA:159,1,0,32923
DA:162,2179
DA:165,2179
DA:166,2179
DA:167,4358
DA:168,4358
DA:170,4358
BRDA:170,2,0,2179
DA:171,2179
BRDA:171,3,0,-
DA:172,0
DA:174,2179
DA:176,4358
DA:177,4358
DA:179,4358
DA:183,2179
DA:185,2179
BRDA:185,4,0,639
DA:186,639
DA:189,0
DA:192,188631
FN:192,Handler.transferWrappedTokenId
FNDA:188631,Handler.transferWrappedTokenId
DA:199,188631
DA:200,188631
BRDA:200,5,0,158928
DA:201,158928
DA:203,29703
DA:204,29703
DA:206,29703
DA:207,29703
DA:209,29703
BRDA:209,6,0,59
DA:210,59
DA:213,29644
DA:216,29644
DA:217,29644
DA:219,29644
DA:220,29644
DA:223,29644
DA:226,29644
BRDA:226,7,0,27104
DA:227,27104
DA:230,29644
DA:231,29644
DA:233,29644
BRDA:233,8,0,36
DA:234,36
DA:237,29644
DA:239,36
BRDA:239,9,0,36
DA:242,29608
BRDA:242,10,0,3724
DA:243,3724
DA:248,3724
DA:250,25884
DA:255,25884
DA:261,25884
BRDA:261,11,0,301
BRDA:261,11,1,24983
DA:262,301
DA:263,301
DA:267,25583
BRDA:267,12,0,24983
DA:268,24983
DA:271,25884
DA:272,25884
DA:279,29180
FN:279,Handler.isZeroLiquidityDecreased
FNDA:29180,Handler.isZeroLiquidityDecreased
DA:280,29180
BRDA:280,13,0,14608
DA:283,14572
BRDA:283,14,0,261
DA:284,261
DA:287,14311
DA:288,14311
DA:291,14311
BRDA:291,15,0,2497
DA:292,2497
DA:297,11814
DA:298,11814
DA:299,11814
DA:301,11814
DA:304,187875
FN:304,Handler.partialUnwrap
FNDA:187875,Handler.partialUnwrap
DA:309,187875
DA:310,187875
BRDA:310,16,0,158578
DA:311,158578
DA:313,29297
DA:315,29297
DA:317,29297
BRDA:317,17,0,65
DA:318,65
DA:321,29232
DA:324,29232
DA:326,29232
DA:327,29232
DA:330,29232
DA:333,29232
BRDA:333,18,0,26610
DA:334,26610
DA:337,29232
DA:338,29180
DA:340,3452
BRDA:340,19,0,3452
DA:341,3452
DA:344,29232
DA:346,3452
BRDA:346,20,0,3452
DA:350,25780
BRDA:350,21,0,318
DA:351,318
DA:352,318
DA:355,25780
DA:362,186168
FN:362,Handler.enableTokenIdAsCollateral
FNDA:186168,Handler.enableTokenIdAsCollateral
DA:367,186168
DA:368,186168
BRDA:368,22,0,156723
DA:369,156723
DA:371,29445
DA:374,2713
BRDA:374,23,0,2713
DA:375,2713
DA:378,26732
DA:380,26732
DA:382,26732
BRDA:382,24,0,-
DA:384,26732
DA:386,0
BRDA:386,25,0,-
DA:388,26732
DA:393,26732
DA:400,186090
FN:400,Handler.disableTokenIdAsCollateral
FNDA:186090,Handler.disableTokenIdAsCollateral
DA:405,186090
DA:406,186090
BRDA:406,26,0,156734
DA:407,156734
DA:409,29356
DA:412,29356
BRDA:412,27,0,26685
DA:413,26685
DA:415,2671
DA:417,2671
DA:419,2671
DA:420,2671
BRDA:420,28,0,2665
DA:421,2665
DA:427,551
BRDA:427,29,0,551
DA:428,551
DA:432,2671
DA:434,551
BRDA:434,30,0,551
DA:436,2120
DA:438,2120
DA:452,187119
FN:452,Handler.transferWithoutActiveLiquidation
FNDA:187119,Handler.transferWithoutActiveLiquidation
DA:458,187119
DA:460,187119
DA:462,187119
BRDA:462,31,0,184282
DA:463,184282
DA:466,2837
DA:469,2837
DA:470,2837
DA:471,2837
DA:472,2837
DA:473,2837
DA:474,2837
DA:475,3492
DA:476,3492
DA:478,3492
BRDA:478,32,0,2465
BRDA:478,32,1,-
DA:480,2465
DA:486,2465
DA:488,2465
DA:489,2465
DA:491,2465
DA:494,1027
DA:498,2837
DA:500,2837
BRDA:500,33,0,2837
DA:501,2751
BRDA:501,34,0,2352
DA:503,2352
DA:508,2352
DA:514,2352
DA:515,2869
DA:520,2869
DA:526,2869
BRDA:526,35,0,2283
DA:527,2283
DA:528,2283
DA:536,6329
DA:539,3492
BRDA:539,36,0,3079
DA:540,3079
DA:541,3079
DA:542,3079
DA:544,3079
DA:549,375222
FN:549,Handler.borrowUpToMax
FNDA:375222,Handler.borrowUpToMax
DA:550,375222
DA:552,375222
DA:554,375222
DA:557,375222
DA:558,375222
DA:560,375222
DA:562,375222
BRDA:562,37,0,211766
DA:563,211766
DA:564,211766
DA:565,211766
DA:566,211766
DA:567,211766
DA:570,163456
BRDA:570,38,0,82646
DA:571,82646
DA:572,82646
DA:575,80810
DA:578,375222
FN:578,Handler.getMaxBorrowAmount
FNDA:375222,Handler.getMaxBorrowAmount
DA:579,375222
DA:582,375222
BRDA:582,39,0,1290
DA:583,1290
DA:584,1290
DA:587,375222
DA:588,375222
DA:589,375222
DA:591,375222
DA:594,188028
FN:594,Handler.borrowTokenA
FNDA:188028,Handler.borrowTokenA
DA:595,188028
DA:598,187194
FN:598,Handler.borrowTokenB
FNDA:187194,Handler.borrowTokenB
DA:599,187194
FNF:21
FNH:16
LF:231
LH:217
BRF:42
BRH:38
end_of_record
TN:
SF:test/uniswap/UniswapBase.t.sol
DA:55,0
FN:55,UniswapBaseTest.deployWrapper
FNDA:0,UniswapBaseTest.deployWrapper
DA:57,21
FN:57,UniswapBaseTest.setUp
FNDA:21,UniswapBaseTest.setUp
DA:58,21
DA:59,21
DA:61,21
DA:62,21
DA:63,21
DA:65,21
DA:66,21
DA:68,21
DA:69,21
DA:71,21
DA:72,21
DA:74,21
DA:75,21
DA:77,21
DA:78,21
DA:80,21
DA:86,21
DA:87,21
DA:88,21
DA:90,21
DA:91,21
DA:92,21
DA:101,92
FN:101,UniswapBaseTest.createFuzzyLiquidityParams
FNDA:92,UniswapBaseTest.createFuzzyLiquidityParams
DA:106,92
DA:107,92
DA:108,92
DA:110,92
DA:112,92
DA:113,92
DA:114,92
DA:115,92
DA:117,0
DA:120,2
FN:120,UniswapBaseTest.borrowTest
FNDA:2,UniswapBaseTest.borrowTest
DA:121,2
DA:122,2
DA:123,2
DA:124,2
DA:126,2
DA:127,2
DA:128,2
DA:130,2
DA:131,2
DA:133,2
DA:135,2
DA:136,2
DA:139,2
DA:140,2
DA:141,2
DA:142,2
DA:143,2
DA:145,2
DA:147,2
DA:148,2
DA:149,2
DA:150,2
DA:152,2
DA:153,2
DA:156,2
DA:157,2
DA:161,2
DA:162,2
DA:166,2
DA:167,2
DA:170,2
DA:171,2
DA:174,2
DA:175,2
DA:176,2
DA:179,2
DA:180,2
DA:181,2
DA:182,2
DA:184,2
DA:187,2
DA:188,2
DA:192,2
DA:193,2
DA:195,2
DA:196,2
DA:198,2
DA:199,2
DA:202,2
FN:202,UniswapBaseTest.basicLiquidationTest
FNDA:2,UniswapBaseTest.basicLiquidationTest
DA:203,2
DA:204,2
DA:205,2
DA:206,2
DA:208,2
DA:209,2
DA:211,2
DA:213,2
DA:215,2
DA:216,2
DA:217,2
DA:219,2
DA:220,2
DA:233,2
DA:234,2
DA:236,2
DA:237,2
DA:238,2
DA:239,2
DA:242,2
DA:244,2
FNF:5
FNH:4
LF:105
LH:103
BRF:0
BRH:0
end_of_record
TN:
SF:test/uniswap/factory/UniswapV3WrapperFactory.t.sol
DA:10,2
FN:10,MockUniswapV3Pool.token0
FNDA:2,MockUniswapV3Pool.token0
DA:11,2
FN:11,MockUniswapV3Pool.token1
FNDA:2,MockUniswapV3Pool.token1
DA:12,2
FN:12,MockUniswapV3Pool.fee
FNDA:2,MockUniswapV3Pool.fee
DA:16,2
FN:16,MockNonfungiblePositionManager.factory
FNDA:2,MockNonfungiblePositionManager.factory
FNF:4
FNH:4
LF:4
LH:4
BRF:0
BRH:0
end_of_record
TN:
SF:test/uniswap/factory/UniswapV4WrapperFactory.t.sol
DA:13,2
FN:13,MockPositionManager.poolManager
FNDA:2,MockPositionManager.poolManager
FNF:1
FNH:1
LF:1
LH:1
BRF:0
BRH:0
end_of_record
