TN:
SF:script/uniswap/CreateV4Wrappers.s.sol
DA:27,0
FN:27,CreateV4WrappersScript.createChainlinkInfrequentOracle
FNDA:0,CreateV4WrappersScript.createChainlinkInfrequentOracle
DA:31,0
DA:34,0
DA:37,0
FN:37,CreateV4WrappersScript.run
FNDA:0,CreateV4WrappersScript.run
DA:39,0
DA:41,0
DA:49,0
DA:51,0
DA:52,0
DA:55,0
DA:58,0
DA:63,0
DA:64,0
DA:66,0
DA:68,0
FNF:2
FNH:0
LF:15
LH:0
BRF:0
BRH:0
end_of_record
TN:
SF:script/uniswap/UniswapV3Wrapper.s.sol
DA:13,0
FN:13,UniswapV3WrapperScript.setUp
FNDA:0,UniswapV3WrapperScript.setUp
DA:15,0
FN:15,UniswapV3WrapperScript.run
FNDA:0,UniswapV3WrapperScript.run
DA:16,0
DA:18,0
DA:20,0
DA:28,0
DA:34,0
FNF:2
FNH:0
LF:7
LH:0
BRF:0
BRH:0
end_of_record
TN:
SF:script/uniswap/UniswapV4Wrapper.s.sol
DA:17,0
FN:17,UniswapV4WrapperScript.setUp
FNDA:0,UniswapV4WrapperScript.setUp
DA:23,0
FN:23,UniswapV4WrapperScript.run
FNDA:0,UniswapV4WrapperScript.run
DA:24,0
DA:26,0
DA:34,0
BRDA:34,0,0,-
DA:35,0
DA:40,0
DA:49,0
DA:55,0
FNF:2
FNH:0
LF:9
LH:0
BRF:1
BRH:0
end_of_record
TN:
SF:script/uniswap/UniswapWrapperFactoryDeployment.s.sol
DA:9,0
FN:9,UniswapWrapperFactoryDeploymentScript.computeAddress
FNDA:0,UniswapWrapperFactoryDeploymentScript.computeAddress
DA:14,0
DA:19,0
FN:19,UniswapWrapperFactoryDeploymentScript.findVanitySalt
FNDA:0,UniswapWrapperFactoryDeploymentScript.findVanitySalt
DA:24,0
DA:26,0
DA:28,0
DA:29,0
DA:30,0
DA:32,0
BRDA:32,0,0,-
DA:41,0
DA:44,0
DA:47,0
FN:47,UniswapWrapperFactoryDeploymentScript.run
FNDA:0,UniswapWrapperFactoryDeploymentScript.run
DA:48,0
DA:49,0
DA:50,0
DA:51,0
DA:54,0
DA:58,0
DA:60,0
DA:63,0
DA:65,0
DA:67,0
DA:69,0
DA:71,0
FNF:3
FNH:0
LF:24
LH:0
BRF:1
BRH:0
end_of_record
TN:
SF:script/uniswap/periphery/UniswapMintPositionHelper.s.sol
DA:9,0
FN:9,UniswapMintPositionHelperScript.setUp
FNDA:0,UniswapMintPositionHelperScript.setUp
DA:11,0
FN:11,UniswapMintPositionHelperScript.run
FNDA:0,UniswapMintPositionHelperScript.run
DA:12,0
DA:14,0
DA:20,0
FNF:2
FNH:0
LF:5
LH:0
BRF:0
BRH:0
end_of_record
TN:
SF:src/ERC721WrapperBase.sol
DA:43,38
FN:43,ERC721WrapperBase.constructor
FNDA:38,ERC721WrapperBase.constructor
DA:44,38
DA:45,38
DA:46,38
DA:49,55633
FN:49,ERC721WrapperBase.enableTokenIdAsCollateral
FNDA:55633,ERC721WrapperBase.enableTokenIdAsCollateral
DA:50,55633
DA:51,55633
DA:52,55633
BRDA:52,0,0,1
DA:53,55567
BRDA:53,1,0,55567
DA:57,19749
FN:57,ERC721WrapperBase.disableTokenIdAsCollateral
FNDA:19749,ERC721WrapperBase.disableTokenIdAsCollateral
DA:58,19749
DA:59,19749
DA:60,19749
DA:61,15962
BRDA:61,2,0,15962
DA:64,187854
FN:64,ERC721WrapperBase.wrap
FNDA:187854,ERC721WrapperBase.wrap
DA:65,187854
DA:66,187854
DA:70,32
FN:70,ERC721WrapperBase.unwrap.0
FNDA:32,ERC721WrapperBase.unwrap.0
DA:71,32
DA:72,22
DA:73,11
DA:76,55366
FN:76,ERC721WrapperBase.unwrap.1
FNDA:55366,ERC721WrapperBase.unwrap.1
DA:80,55366
DA:81,55366
DA:82,55356
DA:89,8936
FN:89,ERC721WrapperBase.transfer.0
FNDA:8936,ERC721WrapperBase.transfer.0
DA:90,8936
DA:91,8936
DA:93,8936
DA:95,8936
DA:96,9187
DA:97,9187
DA:98,9187
BRDA:98,3,0,-
DA:100,9187
DA:102,8936
DA:107,1004057
FN:107,ERC721WrapperBase.balanceOf
FNDA:1004057,ERC721WrapperBase.balanceOf
DA:108,1004057
DA:110,1004057
DA:111,118186
DA:112,118186
DA:113,118186
BRDA:113,4,0,8562
DA:115,109624
DA:120,674966
FN:120,ERC721WrapperBase.getQuote
FNDA:674966,ERC721WrapperBase.getQuote
DA:121,674966
BRDA:121,5,0,4
BRDA:121,5,1,-
DA:123,4
DA:126,674962
DA:130,2
FN:130,ERC721WrapperBase.getSqrtRatioX96
FNDA:2,ERC721WrapperBase.getSqrtRatioX96
DA:136,2
DA:137,2
DA:139,2
DA:142,4
FN:142,ERC721WrapperBase.getEnabledTokenIds
FNDA:4,ERC721WrapperBase.getEnabledTokenIds
DA:143,4
DA:146,1178375
FN:146,ERC721WrapperBase.totalTokenIdsEnabledBy
FNDA:1178375,ERC721WrapperBase.totalTokenIdsEnabledBy
DA:147,1178375
DA:150,174962
FN:150,ERC721WrapperBase.tokenIdOfOwnerByIndex
FNDA:174962,ERC721WrapperBase.tokenIdOfOwnerByIndex
DA:151,174962
DA:157,187856
FN:157,ERC721WrapperBase._wrap
FNDA:187856,ERC721WrapperBase._wrap
DA:158,187814
DA:159,187856
DA:172,55398
FN:172,ERC721WrapperBase._burnFrom
FNDA:55398,ERC721WrapperBase._burnFrom
DA:173,55398
DA:174,55398
BRDA:174,6,0,10
DA:175,10
DA:177,55398
DA:182,306986
FN:182,ERC721WrapperBase._update
FNDA:306986,ERC721WrapperBase._update
DA:183,306986
DA:184,306986
BRDA:184,7,0,119156
DA:187,558348
FN:187,ERC721WrapperBase.proportionalShare
FNDA:558348,ERC721WrapperBase.proportionalShare
DA:192,558348
DA:196,9207
FN:196,ERC721WrapperBase.normalizedToFull
FNDA:9207,ERC721WrapperBase.normalizedToFull
DA:201,9207
DA:204,58
FN:204,ERC721WrapperBase._getDecimals
FNDA:58,ERC721WrapperBase._getDecimals
DA:205,58
DA:206,58
DA:212,689139
FN:212,ERC721WrapperBase._msgSender
FNDA:689139,ERC721WrapperBase._msgSender
DA:213,689139
DA:216,54579
FN:216,ERC721WrapperBase.transfer.1
FNDA:54579,ERC721WrapperBase.transfer.1
DA:223,54579
DA:226,2
FN:226,ERC721WrapperBase.transferFrom
FNDA:2,ERC721WrapperBase.transferFrom
DA:233,2
DA:236,5
FN:236,ERC721WrapperBase.skim
FNDA:5,ERC721WrapperBase.skim
DA:237,5
DA:239,5
BRDA:239,8,0,1
DA:240,1
DA:243,4
BRDA:243,9,0,2
DA:244,2
DA:246,2
DA:249,2
FN:249,ERC721WrapperBase.enableCurrentSkimCandidateAsCollateral
FNDA:2,ERC721WrapperBase.enableCurrentSkimCandidateAsCollateral
DA:250,2
DA:251,2
FNF:24
FNH:24
LF:90
LH:90
BRF:11
BRH:9
end_of_record
TN:
SF:src/libraries/UniswapPositionValueHelper.sol
DA:10,392829
FN:10,UniswapPositionValueHelper.principal
FNDA:392829,UniswapPositionValueHelper.principal
DA:15,392829
DA:20,337513
FN:20,UniswapPositionValueHelper.feesOwed.0
FNDA:337513,UniswapPositionValueHelper.feesOwed.0
DA:27,337513
DA:28,337513
DA:31,675026
FN:31,UniswapPositionValueHelper.feesOwed.1
FNDA:675026,UniswapPositionValueHelper.feesOwed.1
DA:36,675026
FNF:3
FNH:3
LF:7
LH:7
BRF:0
BRH:0
end_of_record
TN:
SF:src/uniswap/UniswapV3Wrapper.sol
DA:31,11
FN:31,UniswapV3Wrapper.constructor
FNDA:11,UniswapV3Wrapper.constructor
DA:38,11
DA:39,11
DA:40,11
DA:41,11
DA:43,11
DA:44,11
DA:46,11
DA:47,11
DA:49,11
DA:54,52
FN:54,UniswapV3Wrapper.validatePosition
FNDA:52,UniswapV3Wrapper.validatePosition
DA:55,52
DA:56,52
DA:57,52
DA:58,52
BRDA:58,0,0,9
DA:67,10
FN:67,UniswapV3Wrapper._unwrap
FNDA:10,UniswapV3Wrapper._unwrap
DA:74,10
DA:75,10
DA:77,10
DA:79,10
DA:84,10
DA:85,10
DA:90,10
DA:103,0
FN:103,UniswapV3Wrapper._settleFullUnwrap
FNDA:0,UniswapV3Wrapper._settleFullUnwrap
DA:105,10
FN:105,UniswapV3Wrapper._decreaseLiquidity
FNDA:10,UniswapV3Wrapper._decreaseLiquidity
DA:109,10
DA:110,10
DA:112,10
DA:128,3
FN:128,UniswapV3Wrapper.getTokenIdToSkim
FNDA:3,UniswapV3Wrapper.getTokenIdToSkim
DA:129,3
DA:130,3
DA:133,80
FN:133,UniswapV3Wrapper.calculateValueOfTokenId
FNDA:80,UniswapV3Wrapper.calculateValueOfTokenId
DA:134,80
DA:136,80
DA:138,80
DA:139,80
DA:141,80
DA:144,90
FN:144,UniswapV3Wrapper._totalPositionValue
FNDA:90,UniswapV3Wrapper._totalPositionValue
DA:149,90
DA:158,90
DA:160,90
DA:162,90
DA:163,90
DA:166,90
DA:170,90
DA:171,90
DA:174,100
FN:174,UniswapV3Wrapper._getFeeGrowthInside
FNDA:100,UniswapV3Wrapper._getFeeGrowthInside
DA:179,100
DA:180,100
DA:181,100
DA:184,100
BRDA:184,1,0,50
BRDA:184,1,1,-
DA:185,50
DA:186,50
DA:187,50
BRDA:187,2,0,40
BRDA:187,2,1,-
DA:188,40
DA:189,40
DA:190,40
DA:191,40
DA:193,10
DA:194,10
FNF:9
FNH:8
LF:60
LH:59
BRF:5
BRH:3
end_of_record
TN:
SF:src/uniswap/UniswapV4Wrapper.sol
DA:64,18
FN:64,UniswapV4Wrapper.constructor
FNDA:18,UniswapV4Wrapper.constructor
DA:72,18
DA:73,18
DA:75,18
DA:76,18
DA:77,18
DA:79,18
BRDA:79,0,0,12
DA:80,12
BRDA:80,1,0,-
DA:81,12
DA:84,18
DA:85,18
DA:90,187762
FN:90,UniswapV4Wrapper.validatePosition
FNDA:187762,UniswapV4Wrapper.validatePosition
DA:91,187762
DA:92,187762
DA:94,187762
BRDA:94,2,0,17
DA:95,17
DA:105,55346
FN:105,UniswapV4Wrapper._unwrap
FNDA:55346,UniswapV4Wrapper._unwrap
DA:112,55346
DA:113,55346
DA:115,55346
DA:119,55346
DA:120,55346
DA:121,55346
DA:122,55346
DA:124,55346
DA:125,55346
DA:127,55346
DA:128,55346
DA:131,55346
DA:132,55346
DA:134,55346
DA:135,55346
DA:137,55346
DA:139,55346
DA:140,55346
DA:143,11
FN:143,UniswapV4Wrapper._settleFullUnwrap
FNDA:11,UniswapV4Wrapper._settleFullUnwrap
DA:144,11
DA:145,11
DA:147,11
BRDA:147,3,0,10
DA:148,10
DA:150,11
BRDA:150,4,0,10
DA:151,10
DA:161,282058
FN:161,UniswapV4Wrapper.calculateValueOfTokenId
FNDA:282058,UniswapV4Wrapper.calculateValueOfTokenId
DA:162,282058
DA:164,282058
DA:166,282058
DA:167,282058
DA:169,282058
DA:178,4
FN:178,UniswapV4Wrapper.getTokenIdToSkim
FNDA:4,UniswapV4Wrapper.getTokenIdToSkim
DA:179,4
DA:186,392759
FN:186,UniswapV4Wrapper._getPositionState
FNDA:392759,UniswapV4Wrapper._getPositionState
DA:191,392759
DA:192,392759
DA:196,392759
DA:197,110701
BRDA:197,5,0,110701
BRDA:197,5,1,282058
DA:198,110701
DA:200,282058
DA:203,392759
DA:218,337413
FN:218,UniswapV4Wrapper._pendingFees
FNDA:337413,UniswapV4Wrapper._pendingFees
DA:223,337413
DA:226,337413
DA:236,337393
FN:236,UniswapV4Wrapper._principal.0
FNDA:337393,UniswapV4Wrapper._principal.0
DA:237,337393
DA:241,392739
FN:241,UniswapV4Wrapper._principal.1
FNDA:392739,UniswapV4Wrapper._principal.1
DA:246,392739
DA:254,55346
FN:254,UniswapV4Wrapper._decreaseLiquidity
FNDA:55346,UniswapV4Wrapper._decreaseLiquidity
DA:258,55346
DA:259,55346
DA:261,55346
DA:262,55346
DA:263,55346
DA:265,55346
DA:267,55346
DA:268,55346
DA:269,55346
DA:271,55346
DA:273,55346
DA:274,55346
DA:277,337393
FN:277,UniswapV4Wrapper._total
FNDA:337393,UniswapV4Wrapper._total
DA:282,337393
DA:283,337393
DA:285,337393
DA:286,337393
DA:289,55346
FN:289,UniswapV4Wrapper._decodeExtraData
FNDA:55346,UniswapV4Wrapper._decodeExtraData
DA:294,55346
BRDA:294,6,0,10
BRDA:294,6,1,55336
DA:295,10
DA:297,55336
DA:301,1238918
FN:301,UniswapV4Wrapper._getCurrencyAddress
FNDA:1238918,UniswapV4Wrapper._getCurrencyAddress
DA:302,1238918
FNF:14
FNH:14
LF:89
LH:89
BRF:9
BRH:8
end_of_record
TN:
SF:src/uniswap/factory/BaseUniswapWrapperFactory.sol
DA:11,5
FN:11,BaseUniswapWrapperFactory.constructor
FNDA:5,BaseUniswapWrapperFactory.constructor
DA:12,5
DA:15,8
FN:15,BaseUniswapWrapperFactory._getDecimals
FNDA:8,BaseUniswapWrapperFactory._getDecimals
DA:16,8
DA:17,8
DA:20,8
FN:20,BaseUniswapWrapperFactory._getFixedRateOracleSalt
FNDA:8,BaseUniswapWrapperFactory._getFixedRateOracleSalt
DA:21,8
DA:24,12
FN:24,BaseUniswapWrapperFactory._computeCreate2Address
FNDA:12,BaseUniswapWrapperFactory._computeCreate2Address
DA:25,12
DA:26,12
DA:29,6
FN:29,BaseUniswapWrapperFactory.getFixedRateOracleBytecode
FNDA:6,BaseUniswapWrapperFactory.getFixedRateOracleBytecode
DA:34,6
DA:35,6
DA:36,6
DA:39,6
FN:39,BaseUniswapWrapperFactory.getFixedRateOracleAddress.0
FNDA:6,BaseUniswapWrapperFactory.getFixedRateOracleAddress.0
DA:40,6
DA:41,6
DA:42,6
DA:45,4
FN:45,BaseUniswapWrapperFactory.getFixedRateOracleAddress.1
FNDA:4,BaseUniswapWrapperFactory.getFixedRateOracleAddress.1
DA:46,4
DA:47,4
DA:50,4
FN:50,BaseUniswapWrapperFactory.isFixedRateOracleValid
FNDA:4,BaseUniswapWrapperFactory.isFixedRateOracleValid
DA:51,4
DA:52,4
DA:55,2
FN:55,BaseUniswapWrapperFactory._createFixedRateOracle
FNDA:2,BaseUniswapWrapperFactory._createFixedRateOracle
DA:56,2
DA:57,2
DA:58,2
FNF:9
FNH:9
LF:28
LH:28
BRF:0
BRH:0
end_of_record
TN:
SF:src/uniswap/factory/UniswapV3WrapperFactory.sol
DA:20,1
FN:20,UniswapV3WrapperFactory.constructor
FNDA:1,UniswapV3WrapperFactory.constructor
DA:21,1
DA:24,2
FN:24,UniswapV3WrapperFactory.createUniswapV3Wrapper
FNDA:2,UniswapV3WrapperFactory.createUniswapV3Wrapper
DA:28,2
DA:30,2
DA:33,1
DA:35,1
DA:38,5
FN:38,UniswapV3WrapperFactory._getWrapperSalt
FNDA:5,UniswapV3WrapperFactory._getWrapperSalt
DA:43,5
DA:46,3
FN:46,UniswapV3WrapperFactory.getUniswapV3WrapperBytecode
FNDA:3,UniswapV3WrapperFactory.getUniswapV3WrapperBytecode
DA:51,3
DA:57,3
FN:57,UniswapV3WrapperFactory.getUniswapV3WrapperAddress
FNDA:3,UniswapV3WrapperFactory.getUniswapV3WrapperAddress
DA:62,3
DA:69,2
FN:69,UniswapV3WrapperFactory.isUniswapV3WrapperValid
FNDA:2,UniswapV3WrapperFactory.isUniswapV3WrapperValid
DA:70,2
DA:76,2
FNF:6
FNH:6
LF:16
LH:16
BRF:0
BRH:0
end_of_record
TN:
SF:src/uniswap/factory/UniswapV4WrapperFactory.sol
DA:26,4
FN:26,UniswapV4WrapperFactory.constructor
FNDA:4,UniswapV4WrapperFactory.constructor
DA:27,4
DA:28,4
DA:31,2
FN:31,UniswapV4WrapperFactory.createUniswapV4Wrapper
FNDA:2,UniswapV4WrapperFactory.createUniswapV4Wrapper
DA:35,2
DA:36,2
DA:38,2
DA:41,1
DA:43,1
DA:46,5
FN:46,UniswapV4WrapperFactory._getWrapperSalt
FNDA:5,UniswapV4WrapperFactory._getWrapperSalt
DA:47,5
DA:50,3
FN:50,UniswapV4WrapperFactory.getUniswapV4WrapperBytecode
FNDA:3,UniswapV4WrapperFactory.getUniswapV4WrapperBytecode
DA:55,3
DA:60,3
FN:60,UniswapV4WrapperFactory.getUniswapV4WrapperAddress
FNDA:3,UniswapV4WrapperFactory.getUniswapV4WrapperAddress
DA:65,3
DA:67,3
DA:73,2
FN:73,UniswapV4WrapperFactory.isUniswapV4WrapperValid
FNDA:2,UniswapV4WrapperFactory.isUniswapV4WrapperValid
DA:74,2
DA:75,2
DA:76,2
DA:79,2
DA:82,2
FNF:6
FNH:6
LF:22
LH:22
BRF:0
BRH:0
end_of_record
TN:
SF:src/uniswap/periphery/UniswapMintPositionHelper.sol
DA:24,24
FN:24,UniswapMintPositionHelper.constructor
FNDA:24,UniswapMintPositionHelper.constructor
DA:25,24
DA:26,24
DA:27,24
DA:30,0
FN:30,UniswapMintPositionHelper.depositIntoVaultUsingETH
FNDA:0,UniswapMintPositionHelper.depositIntoVaultUsingETH
DA:35,0
DA:36,0
DA:37,0
DA:40,50
FN:40,UniswapMintPositionHelper.mintPosition.0
FNDA:50,UniswapMintPositionHelper.mintPosition.0
DA:45,50
BRDA:45,0,0,45
DA:46,45
DA:48,50
BRDA:48,1,0,30
DA:49,30
DA:52,50
DA:53,50
DA:55,50
DA:56,50
DA:58,50
DA:60,50
DA:61,50
DA:63,50
BRDA:63,2,0,15
DA:64,15
DA:66,50
BRDA:66,3,0,13
DA:67,13
DA:69,50
DA:72,187752
FN:72,UniswapMintPositionHelper.mintPosition.1
FNDA:187752,UniswapMintPositionHelper.mintPosition.1
DA:82,187752
DA:84,187752
BRDA:84,4,0,187752
DA:85,187752
BRDA:85,5,0,187689
BRDA:85,5,1,-
DA:86,187689
DA:87,63
BRDA:87,6,0,-
DA:89,0
DA:92,187752
BRDA:92,7,0,187752
DA:93,187752
DA:96,187752
DA:97,187752
BRDA:97,8,0,-
DA:98,0
DA:101,187752
DA:102,187752
DA:104,187752
BRDA:104,9,0,187689
DA:105,187689
DA:107,187752
DA:109,187752
DA:110,187752
DA:111,187752
DA:112,187752
DA:113,187752
DA:114,187752
DA:116,187752
DA:117,187752
DA:118,187752
DA:119,187752
DA:121,187752
DA:122,187752
DA:124,187752
FNF:4
FNH:3
LF:55
LH:49
BRF:11
BRH:8
end_of_record
TN:
SF:test/ERC721WrapperBase.t.sol
DA:15,0
FN:15,ERC721WrapperBaseMock.getTokenIdToSkim
FNDA:0,ERC721WrapperBaseMock.getTokenIdToSkim
DA:17,0
FN:17,ERC721WrapperBaseMock.validatePosition
FNDA:0,ERC721WrapperBaseMock.validatePosition
DA:18,0
FN:18,ERC721WrapperBaseMock._unwrap
FNDA:0,ERC721WrapperBaseMock._unwrap
DA:23,0
FN:23,ERC721WrapperBaseMock._settleFullUnwrap
FNDA:0,ERC721WrapperBaseMock._settleFullUnwrap
DA:25,7
FN:25,ERC721WrapperBaseMock.calculateValueOfTokenId
FNDA:7,ERC721WrapperBaseMock.calculateValueOfTokenId
DA:26,7
DA:35,42
FN:35,ERC721Mint.mint
FNDA:42,ERC721Mint.mint
DA:36,42
FNF:6
FNH:2
LF:8
LH:4
BRF:0
BRH:0
end_of_record
TN:
SF:test/helpers/MockUniswapV4Wrapper.sol
DA:28,10
FN:28,MockUniswapV4Wrapper._decreaseLiquidity
FNDA:10,MockUniswapV4Wrapper._decreaseLiquidity
DA:29,10
DA:30,10
DA:31,10
DA:33,10
DA:34,10
DA:35,10
DA:37,10
DA:40,10
FN:40,MockUniswapV4Wrapper._decreaseLiquidityAndRecordChange
FNDA:10,MockUniswapV4Wrapper._decreaseLiquidityAndRecordChange
DA:44,10
DA:45,10
DA:47,10
DA:49,10
DA:53,10
FN:53,MockUniswapV4Wrapper.syncFeesOwned
FNDA:10,MockUniswapV4Wrapper.syncFeesOwned
DA:55,10
DA:57,10
DA:58,10
DA:61,20
FN:61,MockUniswapV4Wrapper.pendingFees
FNDA:20,MockUniswapV4Wrapper.pendingFees
DA:62,20
DA:63,20
DA:66,10
FN:66,MockUniswapV4Wrapper.total
FNDA:10,MockUniswapV4Wrapper.total
DA:67,10
DA:68,10
DA:71,55325
FN:71,MockUniswapV4Wrapper.calculateExactedValueOfTokenIdAfterUnwrap
FNDA:55325,MockUniswapV4Wrapper.calculateExactedValueOfTokenIdAfterUnwrap
DA:76,55325
DA:77,55325
DA:78,55325
DA:80,55325
DA:82,55325
DA:84,55325
DA:85,55325
DA:88,55325
BRDA:88,0,0,508
DA:89,508
DA:91,54817
DA:99,282058
FN:99,MockUniswapV4Wrapper.getSqrtRatioX96
FNDA:282058,MockUniswapV4Wrapper.getSqrtRatioX96
DA:100,282058
DA:103,1
FN:103,MockUniswapV4Wrapper.getSqrtRatioX96FromOracle
FNDA:1,MockUniswapV4Wrapper.getSqrtRatioX96FromOracle
DA:108,1
FNF:8
FNH:8
LF:38
LH:38
BRF:1
BRH:1
end_of_record
TN:
SF:test/invariant/BaseSetup.sol
DA:61,3
FN:61,MockReturnsWETH9.constructor
FNDA:3,MockReturnsWETH9.constructor
DA:62,3
DA:65,3
FN:65,MockReturnsWETH9.WETH9
FNDA:3,MockReturnsWETH9.WETH9
DA:66,3
DA:118,3
FN:118,BaseSetup.setUp
FNDA:3,BaseSetup.setUp
DA:119,3
DA:120,3
DA:121,3
DA:125,3
DA:127,3
DA:129,3
DA:131,3
DA:133,3
DA:141,3
DA:152,3
DA:154,3
DA:155,3
DA:157,3
DA:158,3
DA:160,3
DA:165,3
DA:171,3
DA:172,3
DA:173,3
DA:174,3
DA:176,3
DA:177,3
DA:178,3
DA:179,3
DA:181,3
DA:185,3
DA:193,3
DA:194,3
DA:196,3
DA:200,3
DA:202,3
DA:203,3
DA:204,3
DA:207,3
DA:208,3
DA:210,3
DA:215,187689
FN:215,BaseSetup.createFuzzyLiquidityParams
FNDA:187689,BaseSetup.createFuzzyLiquidityParams
DA:220,187689
DA:221,187689
DA:222,187689
DA:224,187689
DA:226,187689
DA:227,187689
DA:231,187689
DA:232,187689
DA:234,187689
DA:236,187689
BRDA:236,0,0,23341
DA:237,23341
DA:239,187689
DA:241,187689
BRDA:241,1,0,25514
DA:242,25514
DA:245,187689
DA:246,187689
DA:248,0
DA:252,375378
FN:252,BaseSetup.getCurrencyAddress
FNDA:375378,BaseSetup.getCurrencyAddress
DA:253,375378
DA:256,187689
FN:256,BaseSetup.mintPosition
FNDA:187689,BaseSetup.mintPosition
DA:265,187689
DA:266,187689
DA:268,187689
DA:269,187689
DA:270,187689
DA:272,187689
DA:274,187689
BRDA:274,2,0,-
DA:275,0
DA:277,0
DA:286,187689
DA:287,187689
DA:289,187689
DA:301,187689
DA:302,187689
DA:304,187689
DA:305,187689
DA:307,187689
DA:308,187689
DA:311,187689
FN:311,BaseSetup.boundLiquidityParamsAndMint
FNDA:187689,BaseSetup.boundLiquidityParamsAndMint
DA:315,187689
DA:316,187689
DA:317,187689
DA:319,187689
DA:326,187689
DA:328,187689
FNF:7
FNH:7
LF:87
LH:84
BRF:3
BRH:2
end_of_record
TN:
SF:test/invariant/Handler.sol
DA:70,186501
FN:70,Handler.useActor
FNDA:186501,Handler.useActor
DA:71,186501
DA:72,186501
DA:74,186501
DA:77,3
FN:77,Handler.setUp
FNDA:3,Handler.setUp
DA:78,0
DA:80,3
DA:81,30
DA:82,30
DA:83,30
DA:87,0
FN:87,Handler.actorsLength
FNDA:0,Handler.actorsLength
DA:88,0
DA:91,758703
FN:91,Handler.getTokenIdsHeldByActor
FNDA:758703,Handler.getTokenIdsHeldByActor
DA:92,758703
DA:95,0
FN:95,Handler.isTokenIdWrapped
FNDA:0,Handler.isTokenIdWrapped
DA:96,0
DA:99,0
FN:99,Handler.getUsersHoldingWrappedTokenId
FNDA:0,Handler.getUsersHoldingWrappedTokenId
DA:100,0
DA:103,0
FN:103,Handler.getAllTokenIdsLength
FNDA:0,Handler.getAllTokenIdsLength
DA:104,0
DA:107,0
FN:107,Handler.getAllTokenIds
FNDA:0,Handler.getAllTokenIds
DA:108,0
DA:111,187689
FN:111,Handler.mintPositionAndWrap
FNDA:187689,Handler.mintPositionAndWrap
DA:115,187689
DA:117,187689
DA:118,187689
DA:121,187689
DA:123,187689
DA:124,187689
DA:127,187689
DA:128,187689
DA:129,187689
DA:130,187689
DA:132,187689
DA:137,187689
DA:144,117944
FN:144,Handler.shouldNextActionFail
FNDA:117944,Handler.shouldNextActionFail
DA:149,117944
DA:150,117944
BRDA:150,0,0,51965
DA:152,65979
DA:153,65979
BRDA:153,1,0,60317
DA:156,5662
DA:159,5662
DA:160,5662
DA:161,5662
DA:162,5662
DA:164,5662
BRDA:164,2,0,5662
DA:165,5662
BRDA:165,3,0,-
DA:166,0
DA:168,5662
DA:170,5662
DA:171,5662
DA:173,5662
DA:177,5662
DA:179,5662
BRDA:179,4,0,1971
DA:180,1971
DA:183,0
DA:186,186501
FN:186,Handler.transferWrappedTokenId
FNDA:186501,Handler.transferWrappedTokenId
DA:192,186501
DA:193,186501
BRDA:193,5,0,131798
DA:194,131798
DA:196,54703
DA:197,54703
DA:199,54703
DA:200,54703
DA:202,54703
BRDA:202,6,0,126
DA:203,126
DA:206,54577
DA:208,54577
DA:209,54577
DA:211,54577
DA:212,54577
DA:215,54577
DA:218,54577
BRDA:218,7,0,46600
DA:219,46600
DA:222,54577
DA:224,54577
BRDA:224,8,0,197
DA:225,197
DA:228,54577
DA:230,213
BRDA:230,9,0,213
DA:232,54364
BRDA:232,10,0,6764
DA:233,6764
DA:238,6764
DA:240,47600
DA:245,47600
DA:251,47600
BRDA:251,11,0,644
BRDA:251,11,1,44830
DA:252,644
DA:253,644
DA:257,46956
BRDA:257,12,0,44830
DA:258,44830
DA:261,47600
DA:262,47600
DA:265,189216
FN:265,Handler.partialUnwrap
FNDA:189216,Handler.partialUnwrap
DA:269,189216
DA:270,189216
BRDA:270,13,0,133684
DA:271,133684
DA:273,55532
DA:275,55532
DA:277,55532
BRDA:277,14,0,207
DA:278,207
DA:281,55325
DA:283,55325
DA:285,55325
DA:286,55325
DA:289,55325
DA:292,55325
BRDA:292,15,0,47139
DA:293,47139
DA:296,55325
DA:298,165
BRDA:298,16,0,165
DA:299,165
DA:302,55325
DA:304,165
BRDA:304,17,0,165
DA:307,55160
BRDA:307,18,0,820
DA:308,820
DA:309,820
DA:312,55160
DA:319,186981
FN:319,Handler.enableTokenIdAsCollateral
FNDA:186981,Handler.enableTokenIdAsCollateral
DA:323,186981
DA:324,186981
BRDA:324,19,0,131528
DA:325,131528
DA:327,55453
DA:330,7901
BRDA:330,20,0,7901
DA:331,7901
DA:334,47552
DA:336,47552
DA:338,47552
BRDA:338,21,0,-
DA:340,47552
DA:342,0
BRDA:342,22,0,-
DA:344,47552
DA:349,47552
DA:356,187092
FN:356,Handler.disableTokenIdAsCollateral
FNDA:187092,Handler.disableTokenIdAsCollateral
DA:360,187092
DA:361,187092
BRDA:361,23,0,131414
DA:362,131414
DA:364,55678
DA:367,55678
BRDA:367,24,0,47606
DA:368,47606
DA:370,8072
DA:372,8072
DA:374,8072
DA:375,8072
BRDA:375,25,0,8042
DA:376,8042
DA:382,1593
BRDA:382,26,0,1593
DA:383,1593
DA:387,8072
DA:389,1593
BRDA:389,27,0,1593
DA:391,6479
DA:393,6479
DA:400,187920
FN:400,Handler.transferWithoutActiveLiquidation
FNDA:187920,Handler.transferWithoutActiveLiquidation
DA:404,187920
DA:406,187920
DA:408,187920
BRDA:408,28,0,179007
DA:409,179007
DA:412,8913
DA:415,8913
DA:416,8913
DA:417,8913
DA:418,8913
DA:419,8913
DA:420,12973
DA:421,12973
DA:423,12973
BRDA:423,29,0,7933
BRDA:423,29,1,-
DA:425,7933
DA:428,7933
DA:430,7933
DA:431,7933
DA:433,7933
DA:436,5040
DA:440,8913
DA:442,8913
BRDA:442,30,0,8913
DA:443,8553
BRDA:443,31,0,7360
DA:445,7360
DA:450,7360
DA:456,7360
DA:457,10619
DA:462,10619
DA:468,10619
BRDA:468,32,0,7230
DA:469,7230
DA:470,7230
DA:478,21886
DA:481,12973
BRDA:481,33,0,11655
DA:482,11655
DA:483,11655
DA:484,11655
DA:486,11655
DA:491,374751
FN:491,Handler.borrowUpToMax
FNDA:374751,Handler.borrowUpToMax
DA:492,374751
DA:494,374751
DA:496,374751
DA:499,374751
DA:500,374751
DA:502,374751
DA:504,374751
BRDA:504,34,0,211248
DA:505,211248
DA:506,211248
DA:507,211248
DA:508,211248
DA:511,163503
BRDA:511,35,0,81846
DA:512,81846
DA:513,81846
DA:516,81657
DA:519,374751
FN:519,Handler.getMaxBorrowAmount
FNDA:374751,Handler.getMaxBorrowAmount
DA:520,374751
DA:523,374751
BRDA:523,36,0,2221
DA:524,2221
DA:525,2221
DA:528,374751
DA:529,374751
DA:530,374751
DA:532,374751
DA:535,186477
FN:535,Handler.borrowTokenA
FNDA:186477,Handler.borrowTokenA
DA:536,186477
DA:539,188274
FN:539,Handler.borrowTokenB
FNDA:188274,Handler.borrowTokenB
DA:540,188274
FNF:19
FNH:14
LF:213
LH:199
BRF:39
BRH:35
end_of_record
TN:
SF:test/uniswap/UniswapBase.t.sol
DA:55,0
FN:55,UniswapBaseTest.deployWrapper
FNDA:0,UniswapBaseTest.deployWrapper
DA:57,21
FN:57,UniswapBaseTest.setUp
FNDA:21,UniswapBaseTest.setUp
DA:58,21
DA:59,21
DA:61,21
DA:62,21
DA:63,21
DA:65,21
DA:66,21
DA:68,21
DA:69,21
DA:71,21
DA:72,21
DA:74,21
DA:75,21
DA:77,21
DA:78,21
DA:80,21
DA:86,21
DA:87,21
DA:88,21
DA:90,21
DA:91,21
DA:92,21
DA:101,92
FN:101,UniswapBaseTest.createFuzzyLiquidityParams
FNDA:92,UniswapBaseTest.createFuzzyLiquidityParams
DA:106,92
DA:107,92
DA:108,92
DA:110,92
DA:112,92
DA:113,92
DA:114,92
DA:115,92
DA:117,0
DA:120,2
FN:120,UniswapBaseTest.borrowTest
FNDA:2,UniswapBaseTest.borrowTest
DA:121,2
DA:122,2
DA:123,2
DA:124,2
DA:126,2
DA:127,2
DA:128,2
DA:130,2
DA:131,2
DA:133,2
DA:135,2
DA:136,2
DA:139,2
DA:140,2
DA:141,2
DA:142,2
DA:143,2
DA:145,2
DA:147,2
DA:148,2
DA:149,2
DA:150,2
DA:152,2
DA:153,2
DA:156,2
DA:157,2
DA:161,2
DA:162,2
DA:166,2
DA:167,2
DA:170,2
DA:171,2
DA:174,2
DA:175,2
DA:176,2
DA:179,2
DA:180,2
DA:181,2
DA:182,2
DA:184,2
DA:187,2
DA:188,2
DA:192,2
DA:193,2
DA:195,2
DA:196,2
DA:198,2
DA:199,2
DA:202,2
FN:202,UniswapBaseTest.basicLiquidationTest
FNDA:2,UniswapBaseTest.basicLiquidationTest
DA:203,2
DA:204,2
DA:205,2
DA:206,2
DA:208,2
DA:209,2
DA:211,2
DA:213,2
DA:215,2
DA:216,2
DA:217,2
DA:219,2
DA:220,2
DA:233,2
DA:234,2
DA:236,2
DA:237,2
DA:238,2
DA:239,2
DA:242,2
DA:244,2
FNF:5
FNH:4
LF:105
LH:103
BRF:0
BRH:0
end_of_record
TN:
SF:test/uniswap/UniswapV3Wrapper.t.sol
DA:32,10
FN:32,MockUniswapV3Wrapper.syncFeesOwned
FNDA:10,MockUniswapV3Wrapper.syncFeesOwned
DA:33,10
DA:34,10
DA:36,10
DA:43,10
DA:44,10
DA:46,10
DA:47,10
DA:50,10
FN:50,MockUniswapV3Wrapper.getFeeGrowthInside
FNDA:10,MockUniswapV3Wrapper.getFeeGrowthInside
DA:55,10
DA:58,10
FN:58,MockUniswapV3Wrapper.totalPositionValue
FNDA:10,MockUniswapV3Wrapper.totalPositionValue
DA:63,10
DA:67,80
FN:67,MockUniswapV3Wrapper.getSqrtRatioX96
FNDA:80,MockUniswapV3Wrapper.getSqrtRatioX96
DA:68,80
DA:71,1
FN:71,MockUniswapV3Wrapper.getSqrtRatioX96FromOracle
FNDA:1,MockUniswapV3Wrapper.getSqrtRatioX96FromOracle
DA:76,1
FNF:5
FNH:5
LF:16
LH:16
BRF:0
BRH:0
end_of_record
TN:
SF:test/uniswap/factory/UniswapV3WrapperFactory.t.sol
DA:10,2
FN:10,MockUniswapV3Pool.token0
FNDA:2,MockUniswapV3Pool.token0
DA:11,2
FN:11,MockUniswapV3Pool.token1
FNDA:2,MockUniswapV3Pool.token1
DA:12,2
FN:12,MockUniswapV3Pool.fee
FNDA:2,MockUniswapV3Pool.fee
DA:16,2
FN:16,MockNonfungiblePositionManager.factory
FNDA:2,MockNonfungiblePositionManager.factory
FNF:4
FNH:4
LF:4
LH:4
BRF:0
BRH:0
end_of_record
TN:
SF:test/uniswap/factory/UniswapV4WrapperFactory.t.sol
DA:13,2
FN:13,MockPositionManager.poolManager
FNDA:2,MockPositionManager.poolManager
FNF:1
FNH:1
LF:1
LH:1
BRF:0
BRH:0
end_of_record
